0 info it worked if it ends with ok
1 verbose cli [ 'C:\\Program Files\\nodejs\\node.exe',
1 verbose cli   'C:\\Program Files\\nodejs\\node_modules\\npm\\bin\\npm-cli.js',
1 verbose cli   'install',
1 verbose cli   '--save',
1 verbose cli   'google-map-react' ]
2 info using npm@2.15.8
3 info using node@v4.4.7
4 verbose install initial load of C:\Dev\foodshare\package.json
5 warn package.json foodshare@0.0.1 No README data
6 verbose installManyTop reading scoped package data from C:\Dev\foodshare\node_modules\asap\package.json
7 verbose installManyTop reading scoped package data from C:\Dev\foodshare\node_modules\bowser\package.json
8 verbose installManyTop reading scoped package data from C:\Dev\foodshare\node_modules\can-use-dom\package.json
9 verbose installManyTop reading scoped package data from C:\Dev\foodshare\node_modules\core-js\package.json
10 verbose installManyTop reading scoped package data from C:\Dev\foodshare\node_modules\deep-equal\package.json
11 verbose installManyTop reading scoped package data from C:\Dev\foodshare\node_modules\encoding\package.json
12 verbose installManyTop reading scoped package data from C:\Dev\foodshare\node_modules\fbjs\package.json
13 verbose installManyTop reading scoped package data from C:\Dev\foodshare\node_modules\google-maps-infobox\package.json
14 verbose installManyTop reading scoped package data from C:\Dev\foodshare\node_modules\history\package.json
15 verbose installManyTop reading scoped package data from C:\Dev\foodshare\node_modules\hoist-non-react-statics\package.json
16 verbose installManyTop reading scoped package data from C:\Dev\foodshare\node_modules\iconv-lite\package.json
17 verbose installManyTop reading scoped package data from C:\Dev\foodshare\node_modules\immutable\package.json
18 verbose installManyTop reading scoped package data from C:\Dev\foodshare\node_modules\inline-style-prefix-all\package.json
19 verbose installManyTop reading scoped package data from C:\Dev\foodshare\node_modules\inline-style-prefixer\package.json
20 verbose installManyTop reading scoped package data from C:\Dev\foodshare\node_modules\invariant\package.json
21 verbose installManyTop reading scoped package data from C:\Dev\foodshare\node_modules\is-stream\package.json
22 verbose installManyTop reading scoped package data from C:\Dev\foodshare\node_modules\isomorphic-fetch\package.json
23 verbose installManyTop reading scoped package data from C:\Dev\foodshare\node_modules\js-tokens\package.json
24 verbose installManyTop reading scoped package data from C:\Dev\foodshare\node_modules\keycode\package.json
25 verbose installManyTop reading scoped package data from C:\Dev\foodshare\node_modules\lodash\package.json
26 verbose installManyTop reading scoped package data from C:\Dev\foodshare\node_modules\lodash._baseisequal\package.json
27 verbose installManyTop reading scoped package data from C:\Dev\foodshare\node_modules\lodash._bindcallback\package.json
28 verbose installManyTop reading scoped package data from C:\Dev\foodshare\node_modules\lodash._getnative\package.json
29 verbose installManyTop reading scoped package data from C:\Dev\foodshare\node_modules\lodash.isarguments\package.json
30 verbose installManyTop reading scoped package data from C:\Dev\foodshare\node_modules\lodash.isarray\package.json
31 verbose installManyTop reading scoped package data from C:\Dev\foodshare\node_modules\lodash.isequal\package.json
32 verbose installManyTop reading scoped package data from C:\Dev\foodshare\node_modules\lodash.istypedarray\package.json
33 verbose installManyTop reading scoped package data from C:\Dev\foodshare\node_modules\lodash.keys\package.json
34 verbose installManyTop reading scoped package data from C:\Dev\foodshare\node_modules\loose-envify\package.json
35 verbose installManyTop reading scoped package data from C:\Dev\foodshare\node_modules\marker-clusterer-plus\package.json
36 verbose installManyTop reading scoped package data from C:\Dev\foodshare\node_modules\material-ui\package.json
37 verbose installManyTop reading scoped package data from C:\Dev\foodshare\node_modules\node-fetch\package.json
38 verbose installManyTop reading scoped package data from C:\Dev\foodshare\node_modules\object-assign\package.json
39 verbose installManyTop reading scoped package data from C:\Dev\foodshare\node_modules\promise\package.json
40 verbose installManyTop reading scoped package data from C:\Dev\foodshare\node_modules\query-string\package.json
41 verbose installManyTop reading scoped package data from C:\Dev\foodshare\node_modules\react\package.json
42 verbose installManyTop reading scoped package data from C:\Dev\foodshare\node_modules\react-addons-create-fragment\package.json
43 verbose installManyTop reading scoped package data from C:\Dev\foodshare\node_modules\react-addons-css-transition-group\package.json
44 verbose installManyTop reading scoped package data from C:\Dev\foodshare\node_modules\react-addons-linked-state-mixin\package.json
45 verbose installManyTop reading scoped package data from C:\Dev\foodshare\node_modules\react-addons-perf\package.json
46 verbose installManyTop reading scoped package data from C:\Dev\foodshare\node_modules\react-addons-pure-render-mixin\package.json
47 verbose installManyTop reading scoped package data from C:\Dev\foodshare\node_modules\react-addons-test-utils\package.json
48 verbose installManyTop reading scoped package data from C:\Dev\foodshare\node_modules\react-addons-transition-group\package.json
49 verbose installManyTop reading scoped package data from C:\Dev\foodshare\node_modules\react-addons-update\package.json
50 verbose installManyTop reading scoped package data from C:\Dev\foodshare\node_modules\react-dom\package.json
51 verbose installManyTop reading scoped package data from C:\Dev\foodshare\node_modules\react-event-listener\package.json
52 verbose installManyTop reading scoped package data from C:\Dev\foodshare\node_modules\react-google-maps\package.json
53 verbose installManyTop reading scoped package data from C:\Dev\foodshare\node_modules\react-prop-types-element-of-type\package.json
54 verbose installManyTop reading scoped package data from C:\Dev\foodshare\node_modules\react-router\package.json
55 verbose installManyTop reading scoped package data from C:\Dev\foodshare\node_modules\react-router-ssr\package.json
56 verbose installManyTop reading scoped package data from C:\Dev\foodshare\node_modules\react-tap-event-plugin\package.json
57 verbose installManyTop reading scoped package data from C:\Dev\foodshare\node_modules\recompose\package.json
58 verbose installManyTop reading scoped package data from C:\Dev\foodshare\node_modules\scriptjs\package.json
59 verbose installManyTop reading scoped package data from C:\Dev\foodshare\node_modules\simple-assign\package.json
60 verbose installManyTop reading scoped package data from C:\Dev\foodshare\node_modules\strict-uri-encode\package.json
61 verbose installManyTop reading scoped package data from C:\Dev\foodshare\node_modules\ua-parser-js\package.json
62 verbose installManyTop reading scoped package data from C:\Dev\foodshare\node_modules\warning\package.json
63 verbose installManyTop reading scoped package data from C:\Dev\foodshare\node_modules\whatwg-fetch\package.json
64 info package.json google-maps-infobox@1.1.13 No license field.
65 info package.json hoist-non-react-statics@1.2.0 No license field.
66 info package.json marker-clusterer-plus@2.1.4 No license field.
67 info package.json react-tap-event-plugin@1.0.0 No license field.
68 info package.json ua-parser-js@0.7.10 No license field.
69 info package.json scriptjs@2.5.8 No license field.
70 verbose readDependencies loading dependencies from C:\Dev\foodshare\package.json
71 silly cache add args [ 'google-map-react', null ]
72 verbose cache add spec google-map-react
73 silly cache add parsed spec Result {
73 silly cache add   raw: 'google-map-react',
73 silly cache add   scope: null,
73 silly cache add   name: 'google-map-react',
73 silly cache add   rawSpec: '',
73 silly cache add   spec: 'latest',
73 silly cache add   type: 'tag' }
74 silly addNamed google-map-react@latest
75 verbose addNamed "latest" is being treated as a dist-tag for google-map-react
76 info addNameTag [ 'google-map-react', 'latest' ]
77 silly mapToRegistry name google-map-react
78 silly mapToRegistry using default registry
79 silly mapToRegistry registry https://registry.npmjs.org/
80 silly mapToRegistry data Result {
80 silly mapToRegistry   raw: 'google-map-react',
80 silly mapToRegistry   scope: null,
80 silly mapToRegistry   name: 'google-map-react',
80 silly mapToRegistry   rawSpec: '',
80 silly mapToRegistry   spec: 'latest',
80 silly mapToRegistry   type: 'tag' }
81 silly mapToRegistry uri https://registry.npmjs.org/google-map-react
82 verbose addNameTag registry:https://registry.npmjs.org/google-map-react not in flight; fetching
83 verbose request uri https://registry.npmjs.org/google-map-react
84 verbose request no auth needed
85 info attempt registry request try #1 at 5:59:01 PM
86 verbose request id 8cd6deae7c681f82
87 http request GET https://registry.npmjs.org/google-map-react
88 http 200 https://registry.npmjs.org/google-map-react
89 verbose headers { server: 'CouchDB/1.5.0 (Erlang OTP/R16B03)',
89 verbose headers   etag: '"9S7KUSKN4SU5Z9Z9A828Y9V9L"',
89 verbose headers   'content-type': 'application/json',
89 verbose headers   'content-encoding': 'gzip',
89 verbose headers   'cache-control': 'max-age=300',
89 verbose headers   'content-length': '16379',
89 verbose headers   'accept-ranges': 'bytes',
89 verbose headers   date: 'Wed, 13 Jul 2016 16:58:59 GMT',
89 verbose headers   via: '1.1 varnish',
89 verbose headers   age: '0',
89 verbose headers   connection: 'keep-alive',
89 verbose headers   'x-served-by': 'cache-lcy1129-LCY',
89 verbose headers   'x-cache': 'HIT',
89 verbose headers   'x-cache-hits': '1',
89 verbose headers   'x-timer': 'S1468429138.991710,VS0,VE88',
89 verbose headers   vary: 'Accept-Encoding' }
90 silly get cb [ 200,
90 silly get   { server: 'CouchDB/1.5.0 (Erlang OTP/R16B03)',
90 silly get     etag: '"9S7KUSKN4SU5Z9Z9A828Y9V9L"',
90 silly get     'content-type': 'application/json',
90 silly get     'content-encoding': 'gzip',
90 silly get     'cache-control': 'max-age=300',
90 silly get     'content-length': '16379',
90 silly get     'accept-ranges': 'bytes',
90 silly get     date: 'Wed, 13 Jul 2016 16:58:59 GMT',
90 silly get     via: '1.1 varnish',
90 silly get     age: '0',
90 silly get     connection: 'keep-alive',
90 silly get     'x-served-by': 'cache-lcy1129-LCY',
90 silly get     'x-cache': 'HIT',
90 silly get     'x-cache-hits': '1',
90 silly get     'x-timer': 'S1468429138.991710,VS0,VE88',
90 silly get     vary: 'Accept-Encoding' } ]
91 verbose get saving google-map-react to C:\Users\User\AppData\Roaming\npm-cache\registry.npmjs.org\google-map-react\.cache.json
92 verbose correctMkdir C:\Users\User\AppData\Roaming\npm-cache correctMkdir not in flight; initializing
93 silly addNameTag next cb for google-map-react with tag latest
94 silly addNamed google-map-react@0.15.1
95 verbose addNamed "0.15.1" is a plain semver version for google-map-react
96 silly mapToRegistry name google-map-react
97 silly mapToRegistry using default registry
98 silly mapToRegistry registry https://registry.npmjs.org/
99 silly mapToRegistry data Result {
99 silly mapToRegistry   raw: 'google-map-react',
99 silly mapToRegistry   scope: null,
99 silly mapToRegistry   name: 'google-map-react',
99 silly mapToRegistry   rawSpec: '',
99 silly mapToRegistry   spec: 'latest',
99 silly mapToRegistry   type: 'tag' }
100 silly mapToRegistry uri https://registry.npmjs.org/google-map-react
101 verbose addRemoteTarball https://registry.npmjs.org/google-map-react/-/google-map-react-0.15.1.tgz not in flight; adding
102 verbose addRemoteTarball [ 'https://registry.npmjs.org/google-map-react/-/google-map-react-0.15.1.tgz',
102 verbose addRemoteTarball   '8fee9228ff06e21368e545fc21f3ed1d0525ed27' ]
103 info retry fetch attempt 1 at 5:59:01 PM
104 info attempt registry request try #1 at 5:59:01 PM
105 http fetch GET https://registry.npmjs.org/google-map-react/-/google-map-react-0.15.1.tgz
106 http fetch 200 https://registry.npmjs.org/google-map-react/-/google-map-react-0.15.1.tgz
107 silly fetchAndShaCheck shasum 8fee9228ff06e21368e545fc21f3ed1d0525ed27
108 verbose addTmpTarball C:\Users\User\AppData\Local\Temp\npm-1736-77ba0142\registry.npmjs.org\google-map-react\-\google-map-react-0.15.1.tgz not in flight; adding
109 verbose addTmpTarball already have metadata; skipping unpack for google-map-react@0.15.1
110 verbose correctMkdir C:\Users\User\AppData\Roaming\npm-cache correctMkdir not in flight; initializing
111 silly cache afterAdd google-map-react@0.15.1
112 verbose afterAdd C:\Users\User\AppData\Roaming\npm-cache\google-map-react\0.15.1\package\package.json not in flight; writing
113 verbose correctMkdir C:\Users\User\AppData\Roaming\npm-cache correctMkdir not in flight; initializing
114 verbose afterAdd C:\Users\User\AppData\Roaming\npm-cache\google-map-react\0.15.1\package\package.json written
115 silly install resolved [ { name: 'google-map-react',
115 silly install resolved     version: '0.15.1',
115 silly install resolved     description: 'isomorphic google map react component, allows render react components on the google map',
115 silly install resolved     main: 'lib/index',
115 silly install resolved     scripts:
115 silly install resolved      { 'build:lib': 'babel ./src -d lib',
115 silly install resolved        'build:umd': 'webpack src/index_umd.js dist/GoogleMapReact.js --config webpack.config.dev.js',
115 silly install resolved        'build:umd:min': 'webpack src/index_umd.js dist/GoogleMapReact.min.js --config webpack.config.prod.js',
115 silly install resolved        build: 'npm run build:lib && npm run build:umd && npm run build:umd:min',
115 silly install resolved        clean: 'rimraf lib dist',
115 silly install resolved        prepublish: 'npm run clean && npm run build',
115 silly install resolved        lint: 'eslint src develop',
115 silly install resolved        test: 'NODE_ENV=eee mocha --compilers js:babel-register --recursive --require babel-polyfill',
115 silly install resolved        'test:watch': 'NODE_ENV=eee mocha --compilers js:babel-register --recursive  --require babel-polyfill --watch',
115 silly install resolved        start: 'kotatsu serve --port 4000 --config ./develop/config/index.babel.js --presets es2015,stage-0,react,react-hmre ./develop/Main.js' },
115 silly install resolved     repository:
115 silly install resolved      { type: 'git',
115 silly install resolved        url: 'git+https://github.com/istarkov/google-map-react.git' },
115 silly install resolved     keywords:
115 silly install resolved      [ 'react',
115 silly install resolved        'reactjs',
115 silly install resolved        'google',
115 silly install resolved        'map',
115 silly install resolved        'maps',
115 silly install resolved        'isomorphic',
115 silly install resolved        'render',
115 silly install resolved        'component',
115 silly install resolved        'javascript',
115 silly install resolved        'react-component' ],
115 silly install resolved     author: { name: 'istarkov https://github.com/istarkov' },
115 silly install resolved     license: 'MIT',
115 silly install resolved     bugs: { url: 'https://github.com/istarkov/google-map-react/issues' },
115 silly install resolved     homepage: 'https://github.com/istarkov/google-map-react#readme',
115 silly install resolved     peerDependencies: { react: '^0.14.0 || ^15.0.0' },
115 silly install resolved     dependencies:
115 silly install resolved      { eventemitter3: '^1.1.0',
115 silly install resolved        fbjs: '^0.8.3',
115 silly install resolved        'point-geometry': '0.0.0',
115 silly install resolved        scriptjs: '^2.5.7' },
115 silly install resolved     devDependencies:
115 silly install resolved      { autoprefixer: '^6.3.6',
115 silly install resolved        'babel-cli': '^6.10.1',
115 silly install resolved        'babel-core': '^6.9.1',
115 silly install resolved        'babel-eslint': '^6.0.4',
115 silly install resolved        'babel-loader': '^6.2.4',
115 silly install resolved        'babel-plugin-webpack-loaders': '^0.5.0',
115 silly install resolved        'babel-polyfill': '^6.9.1',
115 silly install resolved        'babel-preset-es2015': '^6.9.0',
115 silly install resolved        'babel-preset-react': '^6.5.0',
115 silly install resolved        'babel-preset-react-hmre': '^1.1.1',
115 silly install resolved        'babel-preset-stage-0': '^6.5.0',
115 silly install resolved        'babel-register': '^6.9.0',
115 silly install resolved        'css-loader': '^0.23.1',
115 silly install resolved        eslint: '^2.12.0',
115 silly install resolved        'eslint-config-airbnb': '^9.0.1',
115 silly install resolved        'eslint-plugin-import': '^1.8.1',
115 silly install resolved        'eslint-plugin-jsx-a11y': '^1.4.2',
115 silly install resolved        'eslint-plugin-react': '^5.1.1',
115 silly install resolved        expect: '^1.11.1',
115 silly install resolved        'file-loader': '^0.8.5',
115 silly install resolved        jsdom: '^6.5.1',
115 silly install resolved        kotatsu: '^0.14.0',
115 silly install resolved        lodash: '^4.13.1',
115 silly install resolved        mocha: '^2.3.3',
115 silly install resolved        'node-sass': '^3.7.0',
115 silly install resolved        'normalize.css': '^4.1.1',
115 silly install resolved        'postcss-loader': '^0.9.1',
115 silly install resolved        react: '^15.1.0',
115 silly install resolved        'react-addons-test-utils': '^15.1.0',
115 silly install resolved        'react-dom': '^15.1.0',
115 silly install resolved        'react-motion': '^0.4.4',
115 silly install resolved        'react-router': '^2.4.1',
115 silly install resolved        recompose: '^0.19.0',
115 silly install resolved        reselect: '^2.5.1',
115 silly install resolved        rimraf: '^2.4.3',
115 silly install resolved        rxjs: '^5.0.0-beta.8',
115 silly install resolved        'sass-loader': '^3.2.0',
115 silly install resolved        'style-loader': '^0.13.1',
115 silly install resolved        'url-loader': '^0.5.7',
115 silly install resolved        webpack: '^1.12.2' },
115 silly install resolved     gitHead: '581748089358bb7a974c2fa64319fe02ac272db5',
115 silly install resolved     _id: 'google-map-react@0.15.1',
115 silly install resolved     _shasum: '8fee9228ff06e21368e545fc21f3ed1d0525ed27',
115 silly install resolved     _from: 'google-map-react@latest',
115 silly install resolved     _npmVersion: '3.8.2',
115 silly install resolved     _nodeVersion: '5.6.0',
115 silly install resolved     _npmUser: { name: 'istarkov', email: 'istarkov@gmail.com' },
115 silly install resolved     dist:
115 silly install resolved      { shasum: '8fee9228ff06e21368e545fc21f3ed1d0525ed27',
115 silly install resolved        tarball: 'https://registry.npmjs.org/google-map-react/-/google-map-react-0.15.1.tgz' },
115 silly install resolved     maintainers: [ [Object] ],
115 silly install resolved     _npmOperationalInternal:
115 silly install resolved      { host: 'packages-16-east.internal.npmjs.com',
115 silly install resolved        tmp: 'tmp/google-map-react-0.15.1.tgz_1467499887370_0.7389363730326295' },
115 silly install resolved     directories: {},
115 silly install resolved     _resolved: 'https://registry.npmjs.org/google-map-react/-/google-map-react-0.15.1.tgz' } ]
116 info install google-map-react@0.15.1 into C:\Dev\foodshare
117 info installOne google-map-react@0.15.1
118 verbose installOne of google-map-react to C:\Dev\foodshare not in flight; installing
119 verbose correctMkdir C:\Users\User\AppData\Roaming\npm-cache\_locks correctMkdir not in flight; initializing
120 verbose lock using C:\Users\User\AppData\Roaming\npm-cache\_locks\google-map-react-55dadd4795542397.lock for C:\Dev\foodshare\node_modules\google-map-react
121 silly install write writing google-map-react 0.15.1 to C:\Dev\foodshare\node_modules\google-map-react
122 verbose unbuild node_modules\google-map-react
123 silly gentlyRm C:\Dev\foodshare\node_modules\google-map-react is being purged from base C:\Dev\foodshare
124 verbose gentlyRm don't care about contents; nuking C:\Dev\foodshare\node_modules\google-map-react
125 verbose tar unpack C:\Users\User\AppData\Roaming\npm-cache\google-map-react\0.15.1\package.tgz
126 verbose tar unpacking to C:\Dev\foodshare\node_modules\google-map-react
127 silly gentlyRm C:\Dev\foodshare\node_modules\google-map-react is being purged
128 verbose gentlyRm don't care about contents; nuking C:\Dev\foodshare\node_modules\google-map-react
129 silly gunzTarPerm modes [ '777', '666' ]
130 silly gunzTarPerm extractEntry package.json
131 silly gunzTarPerm modified mode [ 'package.json', 420, 438 ]
132 silly gunzTarPerm extractEntry .npmignore
133 silly gunzTarPerm modified mode [ '.npmignore', 420, 438 ]
134 silly gunzTarPerm extractEntry README.md
135 silly gunzTarPerm modified mode [ 'README.md', 420, 438 ]
136 silly gunzTarPerm extractEntry webpack.config.prod.js
137 silly gunzTarPerm modified mode [ 'webpack.config.prod.js', 420, 438 ]
138 silly gunzTarPerm extractEntry webpack.config.dev.js
139 silly gunzTarPerm modified mode [ 'webpack.config.dev.js', 420, 438 ]
140 silly gunzTarPerm extractEntry webpack.config.base.js
141 silly gunzTarPerm modified mode [ 'webpack.config.base.js', 420, 438 ]
142 silly gunzTarPerm extractEntry .travis.yml
143 silly gunzTarPerm modified mode [ '.travis.yml', 420, 438 ]
144 silly gunzTarPerm extractEntry CHANGELOG.md
145 silly gunzTarPerm modified mode [ 'CHANGELOG.md', 420, 438 ]
146 silly gunzTarPerm extractEntry bower.json
147 silly gunzTarPerm modified mode [ 'bower.json', 420, 438 ]
148 silly gunzTarPerm extractEntry dist/GoogleMapReact.js
149 silly gunzTarPerm modified mode [ 'dist/GoogleMapReact.js', 420, 438 ]
150 silly gunzTarPerm extractEntry dist/GoogleMapReact.min.js
151 silly gunzTarPerm modified mode [ 'dist/GoogleMapReact.min.js', 420, 438 ]
152 silly gunzTarPerm extractEntry lib/google_map.js
153 silly gunzTarPerm modified mode [ 'lib/google_map.js', 420, 438 ]
154 silly gunzTarPerm extractEntry lib/google_map_map.js
155 silly gunzTarPerm modified mode [ 'lib/google_map_map.js', 420, 438 ]
156 silly gunzTarPerm extractEntry lib/google_map_markers.js
157 silly gunzTarPerm modified mode [ 'lib/google_map_markers.js', 420, 438 ]
158 silly gunzTarPerm extractEntry lib/google_map_markers_prerender.js
159 silly gunzTarPerm modified mode [ 'lib/google_map_markers_prerender.js', 420, 438 ]
160 silly gunzTarPerm extractEntry lib/index.js
161 silly gunzTarPerm modified mode [ 'lib/index.js', 420, 438 ]
162 silly gunzTarPerm extractEntry lib/index_umd.js
163 silly gunzTarPerm modified mode [ 'lib/index_umd.js', 420, 438 ]
164 silly gunzTarPerm extractEntry lib/marker_dispatcher.js
165 silly gunzTarPerm modified mode [ 'lib/marker_dispatcher.js', 420, 438 ]
166 silly gunzTarPerm extractEntry lib/utils/array_helper.js
167 silly gunzTarPerm modified mode [ 'lib/utils/array_helper.js', 420, 438 ]
168 silly gunzTarPerm extractEntry lib/utils/geo.js
169 silly gunzTarPerm modified mode [ 'lib/utils/geo.js', 420, 438 ]
170 silly gunzTarPerm extractEntry lib/utils/index.js
171 silly gunzTarPerm modified mode [ 'lib/utils/index.js', 420, 438 ]
172 silly gunzTarPerm extractEntry lib/utils/isNumber.js
173 silly gunzTarPerm modified mode [ 'lib/utils/isNumber.js', 420, 438 ]
174 silly gunzTarPerm extractEntry lib/utils/is_plain_object.js
175 silly gunzTarPerm modified mode [ 'lib/utils/is_plain_object.js', 420, 438 ]
176 silly gunzTarPerm extractEntry lib/utils/detect.js
177 silly gunzTarPerm modified mode [ 'lib/utils/detect.js', 420, 438 ]
178 silly gunzTarPerm extractEntry lib/utils/raf.js
179 silly gunzTarPerm modified mode [ 'lib/utils/raf.js', 420, 438 ]
180 silly gunzTarPerm extractEntry lib/utils/pick.js
181 silly gunzTarPerm modified mode [ 'lib/utils/pick.js', 420, 438 ]
182 silly gunzTarPerm extractEntry lib/utils/omit.js
183 silly gunzTarPerm modified mode [ 'lib/utils/omit.js', 420, 438 ]
184 silly gunzTarPerm extractEntry lib/utils/utils.js
185 silly gunzTarPerm modified mode [ 'lib/utils/utils.js', 420, 438 ]
186 silly gunzTarPerm extractEntry lib/utils/math/log2.js
187 silly gunzTarPerm modified mode [ 'lib/utils/math/log2.js', 420, 438 ]
188 silly gunzTarPerm extractEntry lib/utils/loaders/google_map_loader.js
189 silly gunzTarPerm modified mode [ 'lib/utils/loaders/google_map_loader.js', 420, 438 ]
190 silly gunzTarPerm extractEntry lib/utils/lib_geo/lat_lng.js
191 silly gunzTarPerm modified mode [ 'lib/utils/lib_geo/lat_lng.js', 420, 438 ]
192 silly gunzTarPerm extractEntry lib/utils/lib_geo/lat_lng_bounds.js
193 silly gunzTarPerm modified mode [ 'lib/utils/lib_geo/lat_lng_bounds.js', 420, 438 ]
194 silly gunzTarPerm extractEntry lib/utils/lib_geo/transform.js
195 silly gunzTarPerm modified mode [ 'lib/utils/lib_geo/transform.js', 420, 438 ]
196 silly gunzTarPerm extractEntry lib/utils/lib_geo/wrap.js
197 silly gunzTarPerm modified mode [ 'lib/utils/lib_geo/wrap.js', 420, 438 ]
198 silly gunzTarPerm extractEntry .flowconfig
199 silly gunzTarPerm modified mode [ '.flowconfig', 420, 438 ]
200 silly gunzTarPerm extractEntry test/components/GoogleMap.spec.js
201 silly gunzTarPerm modified mode [ 'test/components/GoogleMap.spec.js', 420, 438 ]
202 silly gunzTarPerm extractEntry test/components/utils/jsdomInit.js
203 silly gunzTarPerm modified mode [ 'test/components/utils/jsdomInit.js', 420, 438 ]
204 silly gunzTarPerm extractEntry utils/index.js
205 silly gunzTarPerm modified mode [ 'utils/index.js', 420, 438 ]
206 silly gunzTarPerm extractEntry develop/GMap.js
207 silly gunzTarPerm modified mode [ 'develop/GMap.js', 420, 438 ]
208 silly gunzTarPerm extractEntry develop/Layout.js
209 silly gunzTarPerm modified mode [ 'develop/Layout.js', 420, 438 ]
210 silly gunzTarPerm extractEntry develop/Main.js
211 silly gunzTarPerm modified mode [ 'develop/Main.js', 420, 438 ]
212 silly gunzTarPerm extractEntry develop/GMapOptim.js
213 silly gunzTarPerm modified mode [ 'develop/GMapOptim.js', 420, 438 ]
214 silly gunzTarPerm extractEntry develop/utils/createEagerFactory.js
215 silly gunzTarPerm modified mode [ 'develop/utils/createEagerFactory.js', 420, 438 ]
216 silly gunzTarPerm extractEntry develop/utils/isReferentiallyTransparentFunctionComponent.js
217 silly gunzTarPerm modified mode [ 'develop/utils/isReferentiallyTransparentFunctionComponent.js',
217 silly gunzTarPerm   420,
217 silly gunzTarPerm   438 ]
218 silly gunzTarPerm extractEntry develop/utils/omit.js
219 silly gunzTarPerm modified mode [ 'develop/utils/omit.js', 420, 438 ]
220 silly gunzTarPerm extractEntry develop/utils/pick.js
221 silly gunzTarPerm modified mode [ 'develop/utils/pick.js', 420, 438 ]
222 silly gunzTarPerm extractEntry develop/utils/props2Stream.js
223 silly gunzTarPerm modified mode [ 'develop/utils/props2Stream.js', 420, 438 ]
224 silly gunzTarPerm extractEntry develop/utils/ptInBounds.js
225 silly gunzTarPerm modified mode [ 'develop/utils/ptInBounds.js', 420, 438 ]
226 silly gunzTarPerm extractEntry develop/utils/stream2Props.js
227 silly gunzTarPerm modified mode [ 'develop/utils/stream2Props.js', 420, 438 ]
228 silly gunzTarPerm extractEntry develop/utils/withStateSelector.js
229 silly gunzTarPerm modified mode [ 'develop/utils/withStateSelector.js', 420, 438 ]
230 silly gunzTarPerm extractEntry develop/utils/utils/createEagerElementUtil.js
231 silly gunzTarPerm modified mode [ 'develop/utils/utils/createEagerElementUtil.js', 420, 438 ]
232 silly gunzTarPerm extractEntry develop/Layout.sass
233 silly gunzTarPerm modified mode [ 'develop/Layout.sass', 420, 438 ]
234 silly gunzTarPerm extractEntry develop/config/index.babel.js
235 silly gunzTarPerm modified mode [ 'develop/config/index.babel.js', 420, 438 ]
236 silly gunzTarPerm extractEntry develop/data/fakeData.js
237 silly gunzTarPerm modified mode [ 'develop/data/fakeData.js', 420, 438 ]
238 silly gunzTarPerm extractEntry develop/markers/ClusterMarker.js
239 silly gunzTarPerm modified mode [ 'develop/markers/ClusterMarker.js', 420, 438 ]
240 silly gunzTarPerm extractEntry develop/markers/ReactiveMarker.js
241 silly gunzTarPerm modified mode [ 'develop/markers/ReactiveMarker.js', 420, 438 ]
242 silly gunzTarPerm extractEntry develop/markers/SimpleMarker.js
243 silly gunzTarPerm modified mode [ 'develop/markers/SimpleMarker.js', 420, 438 ]
244 silly gunzTarPerm extractEntry develop/markers/ClusterMarker.sass
245 silly gunzTarPerm modified mode [ 'develop/markers/ClusterMarker.sass', 420, 438 ]
246 silly gunzTarPerm extractEntry develop/markers/SimpleMarker.sass
247 silly gunzTarPerm modified mode [ 'develop/markers/SimpleMarker.sass', 420, 438 ]
248 silly gunzTarPerm extractEntry develop/markers/mapIcon.svg
249 silly gunzTarPerm modified mode [ 'develop/markers/mapIcon.svg', 420, 438 ]
250 silly gunzTarPerm extractEntry develop/tests/playground.spec.js
251 silly gunzTarPerm modified mode [ 'develop/tests/playground.spec.js', 420, 438 ]
252 silly gunzTarPerm extractEntry develop/Main.sass
253 silly gunzTarPerm modified mode [ 'develop/Main.sass', 420, 438 ]
254 silly gunzTarPerm extractEntry node_modules/history/package.json
255 silly gunzTarPerm modified mode [ 'node_modules/history/package.json', 420, 438 ]
256 silly gunzTarPerm extractEntry node_modules/history/CHANGES.md
257 silly gunzTarPerm modified mode [ 'node_modules/history/CHANGES.md', 420, 438 ]
258 silly gunzTarPerm extractEntry node_modules/history/LICENSE.md
259 silly gunzTarPerm modified mode [ 'node_modules/history/LICENSE.md', 420, 438 ]
260 silly gunzTarPerm extractEntry node_modules/history/es6/Actions.js
261 silly gunzTarPerm modified mode [ 'node_modules/history/es6/Actions.js', 420, 438 ]
262 silly gunzTarPerm extractEntry node_modules/history/es6/createBrowserHistory.js
263 silly gunzTarPerm modified mode [ 'node_modules/history/es6/createBrowserHistory.js', 420, 438 ]
264 silly gunzTarPerm extractEntry node_modules/history/es6/createDOMHistory.js
265 silly gunzTarPerm modified mode [ 'node_modules/history/es6/createDOMHistory.js', 420, 438 ]
266 silly gunzTarPerm extractEntry node_modules/history/es6/createHashHistory.js
267 silly gunzTarPerm modified mode [ 'node_modules/history/es6/createHashHistory.js', 420, 438 ]
268 silly gunzTarPerm extractEntry node_modules/history/es6/createHistory.js
269 silly gunzTarPerm modified mode [ 'node_modules/history/es6/createHistory.js', 420, 438 ]
270 silly gunzTarPerm extractEntry node_modules/history/es6/PathUtils.js
271 silly gunzTarPerm modified mode [ 'node_modules/history/es6/PathUtils.js', 420, 438 ]
272 silly gunzTarPerm extractEntry node_modules/history/es6/createMemoryHistory.js
273 silly gunzTarPerm modified mode [ 'node_modules/history/es6/createMemoryHistory.js', 420, 438 ]
274 silly gunzTarPerm extractEntry node_modules/history/es6/deprecate.js
275 silly gunzTarPerm modified mode [ 'node_modules/history/es6/deprecate.js', 420, 438 ]
276 silly gunzTarPerm extractEntry node_modules/history/es6/enableBeforeUnload.js
277 silly gunzTarPerm modified mode [ 'node_modules/history/es6/enableBeforeUnload.js', 420, 438 ]
278 silly gunzTarPerm extractEntry node_modules/history/es6/enableQueries.js
279 silly gunzTarPerm modified mode [ 'node_modules/history/es6/enableQueries.js', 420, 438 ]
280 silly gunzTarPerm extractEntry node_modules/history/es6/index.js
281 silly gunzTarPerm modified mode [ 'node_modules/history/es6/index.js', 420, 438 ]
282 silly gunzTarPerm extractEntry node_modules/history/es6/ExecutionEnvironment.js
283 silly gunzTarPerm modified mode [ 'node_modules/history/es6/ExecutionEnvironment.js', 420, 438 ]
284 silly gunzTarPerm extractEntry node_modules/history/es6/runTransitionHook.js
285 silly gunzTarPerm modified mode [ 'node_modules/history/es6/runTransitionHook.js', 420, 438 ]
286 silly gunzTarPerm extractEntry node_modules/history/es6/DOMUtils.js
287 silly gunzTarPerm modified mode [ 'node_modules/history/es6/DOMUtils.js', 420, 438 ]
288 silly gunzTarPerm extractEntry node_modules/history/es6/useBasename.js
289 silly gunzTarPerm modified mode [ 'node_modules/history/es6/useBasename.js', 420, 438 ]
290 silly gunzTarPerm extractEntry node_modules/history/es6/DOMStateStorage.js
291 silly gunzTarPerm modified mode [ 'node_modules/history/es6/DOMStateStorage.js', 420, 438 ]
292 silly gunzTarPerm extractEntry node_modules/history/es6/useBeforeUnload.js
293 silly gunzTarPerm modified mode [ 'node_modules/history/es6/useBeforeUnload.js', 420, 438 ]
294 silly gunzTarPerm extractEntry node_modules/history/es6/AsyncUtils.js
295 silly gunzTarPerm modified mode [ 'node_modules/history/es6/AsyncUtils.js', 420, 438 ]
296 silly gunzTarPerm extractEntry node_modules/history/es6/useQueries.js
297 silly gunzTarPerm modified mode [ 'node_modules/history/es6/useQueries.js', 420, 438 ]
298 silly gunzTarPerm extractEntry node_modules/history/es6/createLocation.js
299 silly gunzTarPerm modified mode [ 'node_modules/history/es6/createLocation.js', 420, 438 ]
300 silly gunzTarPerm extractEntry node_modules/history/lib/Actions.js
301 silly gunzTarPerm modified mode [ 'node_modules/history/lib/Actions.js', 420, 438 ]
302 silly gunzTarPerm extractEntry node_modules/history/lib/createBrowserHistory.js
303 silly gunzTarPerm modified mode [ 'node_modules/history/lib/createBrowserHistory.js', 420, 438 ]
304 silly gunzTarPerm extractEntry node_modules/history/lib/createDOMHistory.js
305 silly gunzTarPerm modified mode [ 'node_modules/history/lib/createDOMHistory.js', 420, 438 ]
306 silly gunzTarPerm extractEntry node_modules/history/lib/createHashHistory.js
307 silly gunzTarPerm modified mode [ 'node_modules/history/lib/createHashHistory.js', 420, 438 ]
308 silly gunzTarPerm extractEntry node_modules/history/lib/createHistory.js
309 silly gunzTarPerm modified mode [ 'node_modules/history/lib/createHistory.js', 420, 438 ]
310 silly gunzTarPerm extractEntry node_modules/history/lib/PathUtils.js
311 silly gunzTarPerm modified mode [ 'node_modules/history/lib/PathUtils.js', 420, 438 ]
312 silly gunzTarPerm extractEntry node_modules/history/lib/createMemoryHistory.js
313 silly gunzTarPerm modified mode [ 'node_modules/history/lib/createMemoryHistory.js', 420, 438 ]
314 silly gunzTarPerm extractEntry node_modules/history/lib/deprecate.js
315 silly gunzTarPerm modified mode [ 'node_modules/history/lib/deprecate.js', 420, 438 ]
316 silly gunzTarPerm extractEntry node_modules/history/lib/enableBeforeUnload.js
317 silly gunzTarPerm modified mode [ 'node_modules/history/lib/enableBeforeUnload.js', 420, 438 ]
318 silly gunzTarPerm extractEntry node_modules/history/lib/enableQueries.js
319 silly gunzTarPerm modified mode [ 'node_modules/history/lib/enableQueries.js', 420, 438 ]
320 silly gunzTarPerm extractEntry node_modules/history/lib/index.js
321 silly gunzTarPerm modified mode [ 'node_modules/history/lib/index.js', 420, 438 ]
322 silly gunzTarPerm extractEntry node_modules/history/lib/ExecutionEnvironment.js
323 silly gunzTarPerm modified mode [ 'node_modules/history/lib/ExecutionEnvironment.js', 420, 438 ]
324 silly gunzTarPerm extractEntry node_modules/history/lib/runTransitionHook.js
325 silly gunzTarPerm modified mode [ 'node_modules/history/lib/runTransitionHook.js', 420, 438 ]
326 silly gunzTarPerm extractEntry node_modules/history/lib/DOMUtils.js
327 silly gunzTarPerm modified mode [ 'node_modules/history/lib/DOMUtils.js', 420, 438 ]
328 silly gunzTarPerm extractEntry node_modules/history/lib/useBasename.js
329 silly gunzTarPerm modified mode [ 'node_modules/history/lib/useBasename.js', 420, 438 ]
330 silly gunzTarPerm extractEntry node_modules/history/lib/DOMStateStorage.js
331 silly gunzTarPerm modified mode [ 'node_modules/history/lib/DOMStateStorage.js', 420, 438 ]
332 silly gunzTarPerm extractEntry node_modules/history/lib/useBeforeUnload.js
333 silly gunzTarPerm modified mode [ 'node_modules/history/lib/useBeforeUnload.js', 420, 438 ]
334 silly gunzTarPerm extractEntry node_modules/history/lib/AsyncUtils.js
335 silly gunzTarPerm modified mode [ 'node_modules/history/lib/AsyncUtils.js', 420, 438 ]
336 silly gunzTarPerm extractEntry node_modules/history/lib/useQueries.js
337 silly gunzTarPerm modified mode [ 'node_modules/history/lib/useQueries.js', 420, 438 ]
338 silly gunzTarPerm extractEntry node_modules/history/lib/createLocation.js
339 silly gunzTarPerm modified mode [ 'node_modules/history/lib/createLocation.js', 420, 438 ]
340 silly gunzTarPerm extractEntry node_modules/history/modules/Actions.js
341 silly gunzTarPerm modified mode [ 'node_modules/history/modules/Actions.js', 420, 438 ]
342 silly gunzTarPerm extractEntry node_modules/history/modules/createBrowserHistory.js
343 silly gunzTarPerm modified mode [ 'node_modules/history/modules/createBrowserHistory.js',
343 silly gunzTarPerm   420,
343 silly gunzTarPerm   438 ]
344 silly gunzTarPerm extractEntry node_modules/history/modules/createDOMHistory.js
345 silly gunzTarPerm modified mode [ 'node_modules/history/modules/createDOMHistory.js', 420, 438 ]
346 silly gunzTarPerm extractEntry node_modules/history/modules/createHashHistory.js
347 silly gunzTarPerm modified mode [ 'node_modules/history/modules/createHashHistory.js', 420, 438 ]
348 silly gunzTarPerm extractEntry node_modules/history/modules/createHistory.js
349 silly gunzTarPerm modified mode [ 'node_modules/history/modules/createHistory.js', 420, 438 ]
350 silly gunzTarPerm extractEntry node_modules/history/modules/PathUtils.js
351 silly gunzTarPerm modified mode [ 'node_modules/history/modules/PathUtils.js', 420, 438 ]
352 silly gunzTarPerm extractEntry node_modules/history/modules/createMemoryHistory.js
353 silly gunzTarPerm modified mode [ 'node_modules/history/modules/createMemoryHistory.js',
353 silly gunzTarPerm   420,
353 silly gunzTarPerm   438 ]
354 silly gunzTarPerm extractEntry node_modules/history/modules/deprecate.js
355 silly gunzTarPerm modified mode [ 'node_modules/history/modules/deprecate.js', 420, 438 ]
356 silly gunzTarPerm extractEntry node_modules/history/modules/enableBeforeUnload.js
357 silly gunzTarPerm modified mode [ 'node_modules/history/modules/enableBeforeUnload.js',
357 silly gunzTarPerm   420,
357 silly gunzTarPerm   438 ]
358 silly gunzTarPerm extractEntry node_modules/history/modules/enableQueries.js
359 silly gunzTarPerm modified mode [ 'node_modules/history/modules/enableQueries.js', 420, 438 ]
360 silly gunzTarPerm extractEntry node_modules/history/modules/index.js
361 silly gunzTarPerm modified mode [ 'node_modules/history/modules/index.js', 420, 438 ]
362 silly gunzTarPerm extractEntry node_modules/history/modules/ExecutionEnvironment.js
363 silly gunzTarPerm modified mode [ 'node_modules/history/modules/ExecutionEnvironment.js',
363 silly gunzTarPerm   420,
363 silly gunzTarPerm   438 ]
364 silly gunzTarPerm extractEntry node_modules/history/modules/runTransitionHook.js
365 silly gunzTarPerm modified mode [ 'node_modules/history/modules/runTransitionHook.js', 420, 438 ]
366 silly gunzTarPerm extractEntry node_modules/history/modules/DOMUtils.js
367 silly gunzTarPerm modified mode [ 'node_modules/history/modules/DOMUtils.js', 420, 438 ]
368 silly gunzTarPerm extractEntry node_modules/history/modules/useBasename.js
369 silly gunzTarPerm modified mode [ 'node_modules/history/modules/useBasename.js', 420, 438 ]
370 silly gunzTarPerm extractEntry node_modules/history/modules/DOMStateStorage.js
371 silly gunzTarPerm modified mode [ 'node_modules/history/modules/DOMStateStorage.js', 420, 438 ]
372 silly gunzTarPerm extractEntry node_modules/history/modules/useBeforeUnload.js
373 silly gunzTarPerm modified mode [ 'node_modules/history/modules/useBeforeUnload.js', 420, 438 ]
374 silly gunzTarPerm extractEntry node_modules/history/modules/AsyncUtils.js
375 silly gunzTarPerm modified mode [ 'node_modules/history/modules/AsyncUtils.js', 420, 438 ]
376 silly gunzTarPerm extractEntry node_modules/history/modules/useQueries.js
377 silly gunzTarPerm modified mode [ 'node_modules/history/modules/useQueries.js', 420, 438 ]
378 silly gunzTarPerm extractEntry node_modules/history/modules/createLocation.js
379 silly gunzTarPerm modified mode [ 'node_modules/history/modules/createLocation.js', 420, 438 ]
380 silly gunzTarPerm extractEntry node_modules/history/umd/history.js
381 silly gunzTarPerm modified mode [ 'node_modules/history/umd/history.js', 420, 438 ]
382 silly gunzTarPerm extractEntry node_modules/history/umd/history.min.js
383 silly gunzTarPerm modified mode [ 'node_modules/history/umd/history.min.js', 420, 438 ]
384 silly gunzTarPerm extractEntry node_modules/history/node_modules/query-string/package.json
385 silly gunzTarPerm modified mode [ 'node_modules/history/node_modules/query-string/package.json',
385 silly gunzTarPerm   420,
385 silly gunzTarPerm   438 ]
386 silly gunzTarPerm extractEntry node_modules/history/node_modules/query-string/index.js
387 silly gunzTarPerm modified mode [ 'node_modules/history/node_modules/query-string/index.js',
387 silly gunzTarPerm   420,
387 silly gunzTarPerm   438 ]
388 silly gunzTarPerm extractEntry node_modules/history/node_modules/query-string/license
389 silly gunzTarPerm modified mode [ 'node_modules/history/node_modules/query-string/license',
389 silly gunzTarPerm   420,
389 silly gunzTarPerm   438 ]
390 silly gunzTarPerm extractEntry node_modules/history/node_modules/query-string/readme.md
391 silly gunzTarPerm modified mode [ 'node_modules/history/node_modules/query-string/readme.md',
391 silly gunzTarPerm   420,
391 silly gunzTarPerm   438 ]
392 verbose write writing to C:\Dev\foodshare\node_modules\google-map-react\package.json
393 info preinstall google-map-react@0.15.1
394 verbose readDependencies loading dependencies from C:\Dev\foodshare\node_modules\google-map-react\package.json
395 silly prepareForInstallMany adding eventemitter3@^1.1.0 from google-map-react dependencies
396 silly prepareForInstallMany adding point-geometry@0.0.0 from google-map-react dependencies
397 verbose readDependencies loading dependencies from C:\Dev\foodshare\node_modules\google-map-react\package.json
398 verbose targetResolver reading package data from C:\Dev\foodshare\node_modules\google-map-react\node_modules\history\package.json
399 silly cache add args [ 'eventemitter3@^1.1.0', null ]
400 verbose cache add spec eventemitter3@^1.1.0
401 silly cache add parsed spec Result {
401 silly cache add   raw: 'eventemitter3@^1.1.0',
401 silly cache add   scope: null,
401 silly cache add   name: 'eventemitter3',
401 silly cache add   rawSpec: '^1.1.0',
401 silly cache add   spec: '>=1.1.0 <2.0.0',
401 silly cache add   type: 'range' }
402 silly addNamed eventemitter3@>=1.1.0 <2.0.0
403 verbose addNamed ">=1.1.0 <2.0.0" is a valid semver range for eventemitter3
404 silly addNameRange { name: 'eventemitter3',
404 silly addNameRange   range: '>=1.1.0 <2.0.0',
404 silly addNameRange   hasData: false }
405 silly mapToRegistry name eventemitter3
406 silly mapToRegistry using default registry
407 silly mapToRegistry registry https://registry.npmjs.org/
408 silly mapToRegistry data Result {
408 silly mapToRegistry   raw: 'eventemitter3',
408 silly mapToRegistry   scope: null,
408 silly mapToRegistry   name: 'eventemitter3',
408 silly mapToRegistry   rawSpec: '',
408 silly mapToRegistry   spec: 'latest',
408 silly mapToRegistry   type: 'tag' }
409 silly mapToRegistry uri https://registry.npmjs.org/eventemitter3
410 verbose addNameRange registry:https://registry.npmjs.org/eventemitter3 not in flight; fetching
411 silly cache add args [ 'point-geometry@0.0.0', null ]
412 verbose cache add spec point-geometry@0.0.0
413 silly cache add parsed spec Result {
413 silly cache add   raw: 'point-geometry@0.0.0',
413 silly cache add   scope: null,
413 silly cache add   name: 'point-geometry',
413 silly cache add   rawSpec: '0.0.0',
413 silly cache add   spec: '0.0.0',
413 silly cache add   type: 'version' }
414 silly addNamed point-geometry@0.0.0
415 verbose addNamed "0.0.0" is a plain semver version for point-geometry
416 silly mapToRegistry name point-geometry
417 silly mapToRegistry using default registry
418 silly mapToRegistry registry https://registry.npmjs.org/
419 silly mapToRegistry data Result {
419 silly mapToRegistry   raw: 'point-geometry',
419 silly mapToRegistry   scope: null,
419 silly mapToRegistry   name: 'point-geometry',
419 silly mapToRegistry   rawSpec: '',
419 silly mapToRegistry   spec: 'latest',
419 silly mapToRegistry   type: 'tag' }
420 silly mapToRegistry uri https://registry.npmjs.org/point-geometry
421 verbose addNameVersion registry:https://registry.npmjs.org/point-geometry not in flight; fetching
422 verbose request uri https://registry.npmjs.org/eventemitter3
423 verbose request no auth needed
424 info attempt registry request try #1 at 5:59:02 PM
425 http request GET https://registry.npmjs.org/eventemitter3
426 verbose request uri https://registry.npmjs.org/point-geometry
427 verbose request no auth needed
428 info attempt registry request try #1 at 5:59:02 PM
429 http request GET https://registry.npmjs.org/point-geometry
430 http 200 https://registry.npmjs.org/eventemitter3
431 verbose headers { server: 'CouchDB/1.5.0 (Erlang OTP/R16B03)',
431 verbose headers   etag: '"BLI2NJ4MMHW6T7GOJ80V6QZDA"',
431 verbose headers   'content-type': 'application/json',
431 verbose headers   'content-encoding': 'gzip',
431 verbose headers   'cache-control': 'max-age=300',
431 verbose headers   'content-length': '5069',
431 verbose headers   'accept-ranges': 'bytes',
431 verbose headers   date: 'Wed, 13 Jul 2016 16:58:59 GMT',
431 verbose headers   via: '1.1 varnish',
431 verbose headers   age: '234',
431 verbose headers   connection: 'keep-alive',
431 verbose headers   'x-served-by': 'cache-lcy1129-LCY',
431 verbose headers   'x-cache': 'HIT',
431 verbose headers   'x-cache-hits': '3',
431 verbose headers   'x-timer': 'S1468429139.829555,VS0,VE0',
431 verbose headers   vary: 'Accept-Encoding' }
432 silly get cb [ 200,
432 silly get   { server: 'CouchDB/1.5.0 (Erlang OTP/R16B03)',
432 silly get     etag: '"BLI2NJ4MMHW6T7GOJ80V6QZDA"',
432 silly get     'content-type': 'application/json',
432 silly get     'content-encoding': 'gzip',
432 silly get     'cache-control': 'max-age=300',
432 silly get     'content-length': '5069',
432 silly get     'accept-ranges': 'bytes',
432 silly get     date: 'Wed, 13 Jul 2016 16:58:59 GMT',
432 silly get     via: '1.1 varnish',
432 silly get     age: '234',
432 silly get     connection: 'keep-alive',
432 silly get     'x-served-by': 'cache-lcy1129-LCY',
432 silly get     'x-cache': 'HIT',
432 silly get     'x-cache-hits': '3',
432 silly get     'x-timer': 'S1468429139.829555,VS0,VE0',
432 silly get     vary: 'Accept-Encoding' } ]
433 verbose get saving eventemitter3 to C:\Users\User\AppData\Roaming\npm-cache\registry.npmjs.org\eventemitter3\.cache.json
434 verbose correctMkdir C:\Users\User\AppData\Roaming\npm-cache correctMkdir not in flight; initializing
435 silly addNameRange number 2 { name: 'eventemitter3', range: '>=1.1.0 <2.0.0', hasData: true }
436 silly addNameRange versions [ 'eventemitter3',
436 silly addNameRange   [ '0.0.0',
436 silly addNameRange     '0.0.1',
436 silly addNameRange     '0.1.0',
436 silly addNameRange     '0.1.1',
436 silly addNameRange     '0.1.2',
436 silly addNameRange     '0.1.3',
436 silly addNameRange     '0.1.4',
436 silly addNameRange     '0.1.5',
436 silly addNameRange     '0.1.6',
436 silly addNameRange     '1.0.0',
436 silly addNameRange     '1.0.1',
436 silly addNameRange     '1.0.2',
436 silly addNameRange     '1.0.3',
436 silly addNameRange     '1.1.0',
436 silly addNameRange     '1.1.1',
436 silly addNameRange     '1.2.0' ] ]
437 silly addNamed eventemitter3@1.2.0
438 verbose addNamed "1.2.0" is a plain semver version for eventemitter3
439 silly mapToRegistry name eventemitter3
440 silly mapToRegistry using default registry
441 silly mapToRegistry registry https://registry.npmjs.org/
442 silly mapToRegistry data Result {
442 silly mapToRegistry   raw: 'eventemitter3',
442 silly mapToRegistry   scope: null,
442 silly mapToRegistry   name: 'eventemitter3',
442 silly mapToRegistry   rawSpec: '',
442 silly mapToRegistry   spec: 'latest',
442 silly mapToRegistry   type: 'tag' }
443 silly mapToRegistry uri https://registry.npmjs.org/eventemitter3
444 verbose addRemoteTarball https://registry.npmjs.org/eventemitter3/-/eventemitter3-1.2.0.tgz not in flight; adding
445 verbose addRemoteTarball [ 'https://registry.npmjs.org/eventemitter3/-/eventemitter3-1.2.0.tgz',
445 verbose addRemoteTarball   '1c86991d816ad1e504750e73874224ecf3bec508' ]
446 info retry fetch attempt 1 at 5:59:02 PM
447 info attempt registry request try #1 at 5:59:02 PM
448 http fetch GET https://registry.npmjs.org/eventemitter3/-/eventemitter3-1.2.0.tgz
449 http fetch 200 https://registry.npmjs.org/eventemitter3/-/eventemitter3-1.2.0.tgz
450 silly fetchAndShaCheck shasum 1c86991d816ad1e504750e73874224ecf3bec508
451 verbose addTmpTarball C:\Users\User\AppData\Local\Temp\npm-1736-77ba0142\registry.npmjs.org\eventemitter3\-\eventemitter3-1.2.0.tgz not in flight; adding
452 verbose addTmpTarball already have metadata; skipping unpack for eventemitter3@1.2.0
453 verbose correctMkdir C:\Users\User\AppData\Roaming\npm-cache correctMkdir not in flight; initializing
454 silly cache afterAdd eventemitter3@1.2.0
455 verbose afterAdd C:\Users\User\AppData\Roaming\npm-cache\eventemitter3\1.2.0\package\package.json not in flight; writing
456 verbose correctMkdir C:\Users\User\AppData\Roaming\npm-cache correctMkdir not in flight; initializing
457 verbose afterAdd C:\Users\User\AppData\Roaming\npm-cache\eventemitter3\1.2.0\package\package.json written
458 http 200 https://registry.npmjs.org/point-geometry
459 verbose headers { server: 'CouchDB/1.5.0 (Erlang OTP/R16B03)',
459 verbose headers   etag: '"5ST0YV6RZOEVABRBM8BL5DR3G"',
459 verbose headers   'content-type': 'application/json',
459 verbose headers   'content-encoding': 'gzip',
459 verbose headers   'cache-control': 'max-age=300',
459 verbose headers   'content-length': '778',
459 verbose headers   'accept-ranges': 'bytes',
459 verbose headers   date: 'Wed, 13 Jul 2016 16:59:00 GMT',
459 verbose headers   via: '1.1 varnish',
459 verbose headers   age: '0',
459 verbose headers   connection: 'keep-alive',
459 verbose headers   'x-served-by': 'cache-lcy1127-LCY',
459 verbose headers   'x-cache': 'HIT',
459 verbose headers   'x-cache-hits': '1',
459 verbose headers   'x-timer': 'S1468429139.877322,VS0,VE173',
459 verbose headers   vary: 'Accept-Encoding' }
460 silly get cb [ 200,
460 silly get   { server: 'CouchDB/1.5.0 (Erlang OTP/R16B03)',
460 silly get     etag: '"5ST0YV6RZOEVABRBM8BL5DR3G"',
460 silly get     'content-type': 'application/json',
460 silly get     'content-encoding': 'gzip',
460 silly get     'cache-control': 'max-age=300',
460 silly get     'content-length': '778',
460 silly get     'accept-ranges': 'bytes',
460 silly get     date: 'Wed, 13 Jul 2016 16:59:00 GMT',
460 silly get     via: '1.1 varnish',
460 silly get     age: '0',
460 silly get     connection: 'keep-alive',
460 silly get     'x-served-by': 'cache-lcy1127-LCY',
460 silly get     'x-cache': 'HIT',
460 silly get     'x-cache-hits': '1',
460 silly get     'x-timer': 'S1468429139.877322,VS0,VE173',
460 silly get     vary: 'Accept-Encoding' } ]
461 verbose get saving point-geometry to C:\Users\User\AppData\Roaming\npm-cache\registry.npmjs.org\point-geometry\.cache.json
462 verbose correctMkdir C:\Users\User\AppData\Roaming\npm-cache correctMkdir not in flight; initializing
463 silly mapToRegistry name point-geometry
464 silly mapToRegistry using default registry
465 silly mapToRegistry registry https://registry.npmjs.org/
466 silly mapToRegistry data Result {
466 silly mapToRegistry   raw: 'point-geometry',
466 silly mapToRegistry   scope: null,
466 silly mapToRegistry   name: 'point-geometry',
466 silly mapToRegistry   rawSpec: '',
466 silly mapToRegistry   spec: 'latest',
466 silly mapToRegistry   type: 'tag' }
467 silly mapToRegistry uri https://registry.npmjs.org/point-geometry
468 verbose addRemoteTarball https://registry.npmjs.org/point-geometry/-/point-geometry-0.0.0.tgz not in flight; adding
469 verbose addRemoteTarball [ 'https://registry.npmjs.org/point-geometry/-/point-geometry-0.0.0.tgz',
469 verbose addRemoteTarball   '6fcbcad7a803b6418247dd6e49c2853c584daff7' ]
470 info retry fetch attempt 1 at 5:59:02 PM
471 info attempt registry request try #1 at 5:59:02 PM
472 http fetch GET https://registry.npmjs.org/point-geometry/-/point-geometry-0.0.0.tgz
473 http fetch 200 https://registry.npmjs.org/point-geometry/-/point-geometry-0.0.0.tgz
474 silly fetchAndShaCheck shasum 6fcbcad7a803b6418247dd6e49c2853c584daff7
475 verbose addTmpTarball C:\Users\User\AppData\Local\Temp\npm-1736-77ba0142\registry.npmjs.org\point-geometry\-\point-geometry-0.0.0.tgz not in flight; adding
476 verbose addTmpTarball already have metadata; skipping unpack for point-geometry@0.0.0
477 verbose correctMkdir C:\Users\User\AppData\Roaming\npm-cache correctMkdir not in flight; initializing
478 silly cache afterAdd point-geometry@0.0.0
479 verbose afterAdd C:\Users\User\AppData\Roaming\npm-cache\point-geometry\0.0.0\package\package.json not in flight; writing
480 verbose correctMkdir C:\Users\User\AppData\Roaming\npm-cache correctMkdir not in flight; initializing
481 verbose afterAdd C:\Users\User\AppData\Roaming\npm-cache\point-geometry\0.0.0\package\package.json written
482 silly install resolved [ { name: 'eventemitter3',
482 silly install resolved     version: '1.2.0',
482 silly install resolved     description: 'EventEmitter3 focuses on performance while maintaining a Node.js AND browser compatible interface.',
482 silly install resolved     main: 'index.js',
482 silly install resolved     scripts:
482 silly install resolved      { 'test-node': 'istanbul cover _mocha --report lcovonly -- test.js',
482 silly install resolved        coverage: 'istanbul cover _mocha -- test.js',
482 silly install resolved        'test-browser': 'zuul -- test.js',
482 silly install resolved        sync: 'node versions.js',
482 silly install resolved        test: 'mocha test.js' },
482 silly install resolved     repository:
482 silly install resolved      { type: 'git',
482 silly install resolved        url: 'git://github.com/primus/eventemitter3.git' },
482 silly install resolved     keywords:
482 silly install resolved      [ 'EventEmitter',
482 silly install resolved        'EventEmitter2',
482 silly install resolved        'EventEmitter3',
482 silly install resolved        'Events',
482 silly install resolved        'addEventListener',
482 silly install resolved        'addListener',
482 silly install resolved        'emit',
482 silly install resolved        'emits',
482 silly install resolved        'emitter',
482 silly install resolved        'event',
482 silly install resolved        'once',
482 silly install resolved        'pub/sub',
482 silly install resolved        'publish',
482 silly install resolved        'reactor',
482 silly install resolved        'subscribe' ],
482 silly install resolved     author: { name: 'Arnout Kazemier' },
482 silly install resolved     license: 'MIT',
482 silly install resolved     bugs: { url: 'https://github.com/primus/eventemitter3/issues' },
482 silly install resolved     'pre-commit': 'sync, test',
482 silly install resolved     devDependencies:
482 silly install resolved      { assume: '1.3.x',
482 silly install resolved        istanbul: '0.4.x',
482 silly install resolved        mocha: '2.4.x',
482 silly install resolved        'pre-commit': '1.1.x',
482 silly install resolved        zuul: '3.10.x' },
482 silly install resolved     gitHead: 'c78d597fed80952c259b916c0a1f4dca91d940e4',
482 silly install resolved     homepage: 'https://github.com/primus/eventemitter3#readme',
482 silly install resolved     _id: 'eventemitter3@1.2.0',
482 silly install resolved     _shasum: '1c86991d816ad1e504750e73874224ecf3bec508',
482 silly install resolved     _from: 'eventemitter3@>=1.1.0 <2.0.0',
482 silly install resolved     _npmVersion: '3.8.0',
482 silly install resolved     _nodeVersion: '4.3.1',
482 silly install resolved     _npmUser: { name: '3rdeden', email: 'npm@3rd-Eden.com' },
482 silly install resolved     maintainers: [ [Object], [Object], [Object] ],
482 silly install resolved     dist:
482 silly install resolved      { shasum: '1c86991d816ad1e504750e73874224ecf3bec508',
482 silly install resolved        tarball: 'https://registry.npmjs.org/eventemitter3/-/eventemitter3-1.2.0.tgz' },
482 silly install resolved     _npmOperationalInternal:
482 silly install resolved      { host: 'packages-12-west.internal.npmjs.com',
482 silly install resolved        tmp: 'tmp/eventemitter3-1.2.0.tgz_1458148661717_0.1867425285745412' },
482 silly install resolved     directories: {},
482 silly install resolved     _resolved: 'https://registry.npmjs.org/eventemitter3/-/eventemitter3-1.2.0.tgz' },
482 silly install resolved   { name: 'point-geometry',
482 silly install resolved     version: '0.0.0',
482 silly install resolved     description: 'a point geometry with transforms',
482 silly install resolved     main: 'index.js',
482 silly install resolved     scripts:
482 silly install resolved      { test: 'tape test.js',
482 silly install resolved        cov: 'istanbul cover test.js && coveralls < ./coverage/lcov.info' },
482 silly install resolved     repository: { type: 'git', url: 'git@github.com:mapbox/point-geometry.git' },
482 silly install resolved     keywords: [ 'point', 'geometry', 'primitive' ],
482 silly install resolved     author: { name: 'Tom MacWright' },
482 silly install resolved     license: 'ISC',
482 silly install resolved     bugs: { url: 'https://github.com/mapbox/point-geometry/issues' },
482 silly install resolved     homepage: 'https://github.com/mapbox/point-geometry',
482 silly install resolved     devDependencies: { tape: '~2.13.3', istanbul: '~0.2.11', coveralls: '~2.10.1' },
482 silly install resolved     _id: 'point-geometry@0.0.0',
482 silly install resolved     dist:
482 silly install resolved      { shasum: '6fcbcad7a803b6418247dd6e49c2853c584daff7',
482 silly install resolved        tarball: 'https://registry.npmjs.org/point-geometry/-/point-geometry-0.0.0.tgz' },
482 silly install resolved     _from: 'point-geometry@0.0.0',
482 silly install resolved     _npmVersion: '1.3.24',
482 silly install resolved     _npmUser: { name: 'tmcw', email: 'tom@macwright.org' },
482 silly install resolved     maintainers: [ [Object] ],
482 silly install resolved     directories: {},
482 silly install resolved     _shasum: '6fcbcad7a803b6418247dd6e49c2853c584daff7',
482 silly install resolved     _resolved: 'https://registry.npmjs.org/point-geometry/-/point-geometry-0.0.0.tgz' } ]
483 info install eventemitter3@1.2.0 into C:\Dev\foodshare\node_modules\google-map-react
484 info install point-geometry@0.0.0 into C:\Dev\foodshare\node_modules\google-map-react
485 info installOne eventemitter3@1.2.0
486 verbose installOne of eventemitter3 to C:\Dev\foodshare\node_modules\google-map-react not in flight; installing
487 verbose correctMkdir C:\Users\User\AppData\Roaming\npm-cache\_locks correctMkdir not in flight; initializing
488 info installOne point-geometry@0.0.0
489 verbose installOne of point-geometry to C:\Dev\foodshare\node_modules\google-map-react not in flight; installing
490 verbose correctMkdir C:\Users\User\AppData\Roaming\npm-cache\_locks correctMkdir not in flight; initializing
491 verbose lock using C:\Users\User\AppData\Roaming\npm-cache\_locks\eventemitter3-6219d88a0fbd919b.lock for C:\Dev\foodshare\node_modules\google-map-react\node_modules\eventemitter3
492 silly install write writing eventemitter3 1.2.0 to C:\Dev\foodshare\node_modules\google-map-react\node_modules\eventemitter3
493 verbose lock using C:\Users\User\AppData\Roaming\npm-cache\_locks\point-geometry-ff710e80bbe11207.lock for C:\Dev\foodshare\node_modules\google-map-react\node_modules\point-geometry
494 silly install write writing point-geometry 0.0.0 to C:\Dev\foodshare\node_modules\google-map-react\node_modules\point-geometry
495 verbose unbuild node_modules\google-map-react\node_modules\eventemitter3
496 verbose unbuild node_modules\google-map-react\node_modules\point-geometry
497 silly gentlyRm C:\Dev\foodshare\node_modules\google-map-react\node_modules\eventemitter3 is being purged from base C:\Dev\foodshare
498 verbose gentlyRm don't care about contents; nuking C:\Dev\foodshare\node_modules\google-map-react\node_modules\eventemitter3
499 verbose tar unpack C:\Users\User\AppData\Roaming\npm-cache\eventemitter3\1.2.0\package.tgz
500 verbose tar unpacking to C:\Dev\foodshare\node_modules\google-map-react\node_modules\eventemitter3
501 silly gentlyRm C:\Dev\foodshare\node_modules\google-map-react\node_modules\eventemitter3 is being purged
502 verbose gentlyRm don't care about contents; nuking C:\Dev\foodshare\node_modules\google-map-react\node_modules\eventemitter3
503 silly gunzTarPerm modes [ '777', '666' ]
504 silly gentlyRm C:\Dev\foodshare\node_modules\google-map-react\node_modules\point-geometry is being purged from base C:\Dev\foodshare
505 verbose gentlyRm don't care about contents; nuking C:\Dev\foodshare\node_modules\google-map-react\node_modules\point-geometry
506 verbose tar unpack C:\Users\User\AppData\Roaming\npm-cache\point-geometry\0.0.0\package.tgz
507 verbose tar unpacking to C:\Dev\foodshare\node_modules\google-map-react\node_modules\point-geometry
508 silly gentlyRm C:\Dev\foodshare\node_modules\google-map-react\node_modules\point-geometry is being purged
509 verbose gentlyRm don't care about contents; nuking C:\Dev\foodshare\node_modules\google-map-react\node_modules\point-geometry
510 silly gunzTarPerm modes [ '777', '666' ]
511 silly gunzTarPerm extractEntry package.json
512 silly gunzTarPerm modified mode [ 'package.json', 420, 438 ]
513 silly gunzTarPerm extractEntry package.json
514 silly gunzTarPerm modified mode [ 'package.json', 420, 438 ]
515 silly gunzTarPerm extractEntry README.md
516 silly gunzTarPerm modified mode [ 'README.md', 420, 438 ]
517 silly gunzTarPerm extractEntry LICENSE
518 silly gunzTarPerm modified mode [ 'LICENSE', 420, 438 ]
519 silly gunzTarPerm extractEntry README.md
520 silly gunzTarPerm modified mode [ 'README.md', 420, 438 ]
521 silly gunzTarPerm extractEntry index.js
522 silly gunzTarPerm modified mode [ 'index.js', 420, 438 ]
523 silly gunzTarPerm extractEntry index.js
524 silly gunzTarPerm modified mode [ 'index.js', 420, 438 ]
525 silly gunzTarPerm extractEntry test.js
526 silly gunzTarPerm modified mode [ 'test.js', 420, 438 ]
527 silly gunzTarPerm extractEntry .travis.yml
528 silly gunzTarPerm modified mode [ '.travis.yml', 420, 438 ]
529 silly gunzTarPerm extractEntry coverage/coverage.json
530 silly gunzTarPerm modified mode [ 'coverage/coverage.json', 420, 438 ]
531 silly gunzTarPerm extractEntry coverage/lcov-report/prettify.js
532 silly gunzTarPerm modified mode [ 'coverage/lcov-report/prettify.js', 420, 438 ]
533 silly gunzTarPerm extractEntry coverage/lcov-report/index.html
534 silly gunzTarPerm modified mode [ 'coverage/lcov-report/index.html', 420, 438 ]
535 silly gunzTarPerm extractEntry coverage/lcov-report/point-geometry/index.html
536 silly gunzTarPerm modified mode [ 'coverage/lcov-report/point-geometry/index.html', 420, 438 ]
537 silly gunzTarPerm extractEntry coverage/lcov-report/point-geometry/index.js.html
538 silly gunzTarPerm modified mode [ 'coverage/lcov-report/point-geometry/index.js.html', 420, 438 ]
539 silly gunzTarPerm extractEntry coverage/lcov-report/point-geometry/test.js.html
540 silly gunzTarPerm modified mode [ 'coverage/lcov-report/point-geometry/test.js.html', 420, 438 ]
541 silly gunzTarPerm extractEntry coverage/lcov-report/prettify.css
542 silly gunzTarPerm modified mode [ 'coverage/lcov-report/prettify.css', 420, 438 ]
543 silly gunzTarPerm extractEntry coverage/lcov.info
544 silly gunzTarPerm modified mode [ 'coverage/lcov.info', 420, 438 ]
545 verbose write writing to C:\Dev\foodshare\node_modules\google-map-react\node_modules\eventemitter3\package.json
546 info preinstall eventemitter3@1.2.0
547 verbose readDependencies loading dependencies from C:\Dev\foodshare\node_modules\google-map-react\node_modules\eventemitter3\package.json
548 verbose readDependencies loading dependencies from C:\Dev\foodshare\node_modules\google-map-react\node_modules\eventemitter3\package.json
549 silly install resolved []
550 verbose about to build C:\Dev\foodshare\node_modules\google-map-react\node_modules\eventemitter3
551 info build C:\Dev\foodshare\node_modules\google-map-react\node_modules\eventemitter3
552 info linkStuff eventemitter3@1.2.0
553 silly linkStuff eventemitter3@1.2.0 has C:\Dev\foodshare\node_modules\google-map-react\node_modules as its parent node_modules
554 verbose linkBins eventemitter3@1.2.0
555 verbose linkMans eventemitter3@1.2.0
556 verbose rebuildBundles eventemitter3@1.2.0
557 info install eventemitter3@1.2.0
558 info postinstall eventemitter3@1.2.0
559 verbose unlock done using C:\Users\User\AppData\Roaming\npm-cache\_locks\eventemitter3-6219d88a0fbd919b.lock for C:\Dev\foodshare\node_modules\google-map-react\node_modules\eventemitter3
560 verbose write writing to C:\Dev\foodshare\node_modules\google-map-react\node_modules\point-geometry\package.json
561 info preinstall point-geometry@0.0.0
562 verbose readDependencies loading dependencies from C:\Dev\foodshare\node_modules\google-map-react\node_modules\point-geometry\package.json
563 verbose readDependencies loading dependencies from C:\Dev\foodshare\node_modules\google-map-react\node_modules\point-geometry\package.json
564 silly install resolved []
565 verbose about to build C:\Dev\foodshare\node_modules\google-map-react\node_modules\point-geometry
566 info build C:\Dev\foodshare\node_modules\google-map-react\node_modules\point-geometry
567 info linkStuff point-geometry@0.0.0
568 silly linkStuff point-geometry@0.0.0 has C:\Dev\foodshare\node_modules\google-map-react\node_modules as its parent node_modules
569 verbose linkBins point-geometry@0.0.0
570 verbose linkMans point-geometry@0.0.0
571 verbose rebuildBundles point-geometry@0.0.0
572 info install point-geometry@0.0.0
573 info postinstall point-geometry@0.0.0
574 verbose unlock done using C:\Users\User\AppData\Roaming\npm-cache\_locks\point-geometry-ff710e80bbe11207.lock for C:\Dev\foodshare\node_modules\google-map-react\node_modules\point-geometry
575 verbose about to build C:\Dev\foodshare\node_modules\google-map-react
576 info build C:\Dev\foodshare\node_modules\google-map-react
577 info linkStuff google-map-react@0.15.1
578 silly linkStuff google-map-react@0.15.1 has C:\Dev\foodshare\node_modules as its parent node_modules
579 verbose linkBins google-map-react@0.15.1
580 verbose linkMans google-map-react@0.15.1
581 verbose rebuildBundles google-map-react@0.15.1
582 verbose rebuildBundles [ 'eventemitter3', 'history', 'point-geometry' ]
583 verbose rebuild bundle C:\Dev\foodshare\node_modules\google-map-react\node_modules\history
584 info build C:\Dev\foodshare\node_modules\google-map-react\node_modules\history
585 info preinstall history@2.1.2
586 info linkStuff history@2.1.2
587 silly linkStuff history@2.1.2 has C:\Dev\foodshare\node_modules\google-map-react\node_modules as its parent node_modules
588 verbose linkBins history@2.1.2
589 verbose linkMans history@2.1.2
590 verbose rebuildBundles history@2.1.2
591 verbose rebuildBundles [ 'query-string' ]
592 info install history@2.1.2
593 info postinstall history@2.1.2
594 info install google-map-react@0.15.1
595 info postinstall google-map-react@0.15.1
596 verbose unlock done using C:\Users\User\AppData\Roaming\npm-cache\_locks\google-map-react-55dadd4795542397.lock for C:\Dev\foodshare\node_modules\google-map-react
597 verbose validateInstall loading C:\Dev\foodshare\package.json for validation
598 verbose stack Error: The package react@15.1.0 does not satisfy its siblings' peerDependencies requirements!
598 verbose stack     at C:\Program Files\nodejs\node_modules\npm\lib\install.js:125:32
598 verbose stack     at C:\Program Files\nodejs\node_modules\npm\lib\install.js:268:7
598 verbose stack     at C:\Program Files\nodejs\node_modules\npm\node_modules\read-installed\read-installed.js:142:5
598 verbose stack     at C:\Program Files\nodejs\node_modules\npm\node_modules\read-installed\read-installed.js:263:14
598 verbose stack     at cb (C:\Program Files\nodejs\node_modules\npm\node_modules\slide\lib\async-map.js:47:24)
598 verbose stack     at C:\Program Files\nodejs\node_modules\npm\node_modules\read-installed\read-installed.js:263:14
598 verbose stack     at cb (C:\Program Files\nodejs\node_modules\npm\node_modules\slide\lib\async-map.js:47:24)
598 verbose stack     at C:\Program Files\nodejs\node_modules\npm\node_modules\read-installed\read-installed.js:263:14
598 verbose stack     at cb (C:\Program Files\nodejs\node_modules\npm\node_modules\slide\lib\async-map.js:47:24)
598 verbose stack     at C:\Program Files\nodejs\node_modules\npm\node_modules\read-installed\read-installed.js:263:14
599 verbose cwd C:\Dev\foodshare
600 error Windows_NT 6.1.7601
601 error argv "C:\\Program Files\\nodejs\\node.exe" "C:\\Program Files\\nodejs\\node_modules\\npm\\bin\\npm-cli.js" "install" "--save" "google-map-react"
602 error node v4.4.7
603 error npm  v2.15.8
604 error code EPEERINVALID
605 error peerinvalid The package react@15.1.0 does not satisfy its siblings' peerDependencies requirements!
605 error peerinvalid Peer material-ui@0.15.1 wants react@^15.0.0
605 error peerinvalid Peer react-addons-create-fragment@15.2.0 wants react@^15.2.0
605 error peerinvalid Peer react-addons-css-transition-group@15.2.0 wants react@^15.2.0
605 error peerinvalid Peer react-addons-linked-state-mixin@15.2.1 wants react@^15.2.1
605 error peerinvalid Peer react-addons-perf@15.2.1 wants react@^15.2.1
605 error peerinvalid Peer react-addons-pure-render-mixin@15.1.0 wants react@^15.1.0
605 error peerinvalid Peer react-addons-test-utils@15.2.0 wants react@^15.2.0
605 error peerinvalid Peer react-addons-transition-group@15.2.1 wants react@^15.2.1
605 error peerinvalid Peer react-addons-update@15.2.1 wants react@^15.2.1
605 error peerinvalid Peer react-dom@15.1.0 wants react@^15.1.0
605 error peerinvalid Peer react-google-maps@4.11.0 wants react@^0.14.0 || ^15.0.0
605 error peerinvalid Peer react-router@2.5.2 wants react@^0.14.0 || ^15.0.0
605 error peerinvalid Peer react-tap-event-plugin@1.0.0 wants react@^15.0.0-0
605 error peerinvalid Peer react-prop-types-element-of-type@2.2.0 wants react@^0.14.6 || ^15.0.0-0
605 error peerinvalid Peer recompose@0.19.0 wants react@^0.14.0 || ^15.0.0
605 error peerinvalid Peer google-map-react@0.15.1 wants react@^0.14.0 || ^15.0.0
606 verbose exit [ 1, true ]
